cl : Command line warning D9002: ignoring unknown option '-lstdc++fs'
  Main.cpp
c:\users\chimp\source\repos\sfmlmaze\sfmlmaze\main.cpp(59): warning C4244: '=': conversion from 'double' to 'int', possible loss of data
c:\users\chimp\source\repos\sfmlmaze\sfmlmaze\main.cpp(60): warning C4244: '=': conversion from 'double' to 'int', possible loss of data
c:\users\chimp\source\repos\sfmlmaze\sfmlmaze\main.cpp(64): warning C4244: '=': conversion from 'float' to 'int', possible loss of data
c:\users\chimp\source\repos\sfmlmaze\sfmlmaze\main.cpp(65): warning C4244: '=': conversion from 'float' to 'int', possible loss of data
c:\users\chimp\source\repos\sfmlmaze\sfmlmaze\main.cpp(68): warning C4244: 'argument': conversion from 'int' to 'T', possible loss of data
          with
          [
              T=float
          ]
c:\users\chimp\source\repos\sfmlmaze\sfmlmaze\main.cpp(69): warning C4244: 'argument': conversion from 'int' to 'T', possible loss of data
          with
          [
              T=float
          ]
c:\users\chimp\source\repos\sfmlmaze\sfmlmaze\main.cpp(99): warning C4018: '<': signed/unsigned mismatch
c:\users\chimp\source\repos\sfmlmaze\sfmlmaze\main.cpp(105): warning C4018: '<': signed/unsigned mismatch
c:\users\chimp\source\repos\sfmlmaze\sfmlmaze\main.cpp(107): warning C4018: '<': signed/unsigned mismatch
c:\users\chimp\source\repos\sfmlmaze\sfmlmaze\main.cpp(136): warning C4244: 'initializing': conversion from 'unsigned int' to 'float', possible loss of data
c:\users\chimp\source\repos\sfmlmaze\sfmlmaze\main.cpp(137): warning C4244: 'initializing': conversion from 'unsigned int' to 'float', possible loss of data
c:\users\chimp\source\repos\sfmlmaze\sfmlmaze\main.cpp(153): warning C4018: '<': signed/unsigned mismatch
c:\users\chimp\source\repos\sfmlmaze\sfmlmaze\main.cpp(154): warning C4018: '<': signed/unsigned mismatch
c:\users\chimp\source\repos\sfmlmaze\sfmlmaze\main.cpp(184): warning C4244: 'argument': conversion from 'time_t' to 'unsigned int', possible loss of data
c:\users\chimp\source\repos\sfmlmaze\sfmlmaze\main.cpp(191): warning C4244: 'argument': conversion from 'time_t' to 'unsigned int', possible loss of data
c:\users\chimp\source\repos\sfmlmaze\sfmlmaze\main.cpp(223): warning C4244: 'argument': conversion from 'time_t' to 'unsigned int', possible loss of data
c:\users\chimp\source\repos\sfmlmaze\sfmlmaze\main.cpp(225): warning C4244: 'argument': conversion from 'time_t' to 'unsigned int', possible loss of data
c:\users\chimp\source\repos\sfmlmaze\sfmlmaze\main.cpp(230): warning C4244: 'argument': conversion from 'time_t' to 'unsigned int', possible loss of data
c:\users\chimp\source\repos\sfmlmaze\sfmlmaze\main.cpp(234): warning C4244: 'argument': conversion from 'time_t' to 'unsigned int', possible loss of data
c:\users\chimp\source\repos\sfmlmaze\sfmlmaze\main.cpp(238): warning C4244: 'argument': conversion from 'time_t' to 'unsigned int', possible loss of data
c:\users\chimp\source\repos\sfmlmaze\sfmlmaze\main.cpp(293): warning C4244: 'argument': conversion from 'float' to 'const unsigned int', possible loss of data
c:\users\chimp\source\repos\sfmlmaze\sfmlmaze\main.cpp(300): warning C4244: 'argument': conversion from 'float' to 'const unsigned int', possible loss of data
c:\users\chimp\source\repos\sfmlmaze\sfmlmaze\main.cpp(306): warning C4244: 'initializing': conversion from 'float' to 'int', possible loss of data
c:\users\chimp\source\repos\sfmlmaze\sfmlmaze\main.cpp(306): warning C4244: 'initializing': conversion from 'float' to 'const int', possible loss of data
c:\users\chimp\source\repos\sfmlmaze\sfmlmaze\main.cpp(309): warning C4244: 'argument': conversion from 'int' to 'float', possible loss of data
c:\users\chimp\source\repos\sfmlmaze\sfmlmaze\main.cpp(314): warning C4244: 'argument': conversion from 'int' to 'float', possible loss of data
c:\users\chimp\source\repos\sfmlmaze\sfmlmaze\main.cpp(319): warning C4244: 'argument': conversion from 'int' to 'float', possible loss of data
c:\users\chimp\source\repos\sfmlmaze\sfmlmaze\main.cpp(324): warning C4244: 'argument': conversion from 'int' to 'float', possible loss of data
c:\users\chimp\source\repos\sfmlmaze\sfmlmaze\main.cpp(330): warning C4244: 'return': conversion from 'int' to 'float', possible loss of data
c:\users\chimp\source\repos\sfmlmaze\sfmlmaze\main.cpp(333): warning C4244: 'return': conversion from 'int' to 'float', possible loss of data
c:\users\chimp\source\repos\sfmlmaze\sfmlmaze\main.cpp(378): warning C4018: '<': signed/unsigned mismatch
c:\users\chimp\source\repos\sfmlmaze\sfmlmaze\main.cpp(396): warning C4244: '*=': conversion from 'float' to 'int', possible loss of data
c:\users\chimp\source\repos\sfmlmaze\sfmlmaze\main.cpp(397): warning C4244: '*=': conversion from 'float' to 'int', possible loss of data
c:\users\chimp\source\repos\sfmlmaze\sfmlmaze\main.cpp(335): warning C4715: 'move': not all control paths return a value
  SFMLMaze.vcxproj -> C:\Users\chimp\source\repos\SFMLMaze\Debug\SFMLMaze.exe
