cl : Command line warning D9002: ignoring unknown option '-lstdc++fs'
  Main.cpp
c:\users\erik\source\repos\sfmlmaze\sfmlmaze\main.cpp(59): warning C4244: '=': conversion from 'double' to 'int', possible loss of data
c:\users\erik\source\repos\sfmlmaze\sfmlmaze\main.cpp(60): warning C4244: '=': conversion from 'double' to 'int', possible loss of data
c:\users\erik\source\repos\sfmlmaze\sfmlmaze\main.cpp(64): warning C4244: '=': conversion from 'float' to 'int', possible loss of data
c:\users\erik\source\repos\sfmlmaze\sfmlmaze\main.cpp(65): warning C4244: '=': conversion from 'float' to 'int', possible loss of data
c:\users\erik\source\repos\sfmlmaze\sfmlmaze\main.cpp(68): warning C4244: 'argument': conversion from 'int' to 'T', possible loss of data
          with
          [
              T=float
          ]
c:\users\erik\source\repos\sfmlmaze\sfmlmaze\main.cpp(69): warning C4244: 'argument': conversion from 'int' to 'T', possible loss of data
          with
          [
              T=float
          ]
c:\users\erik\source\repos\sfmlmaze\sfmlmaze\main.cpp(136): warning C4244: 'initializing': conversion from 'unsigned __int64' to 'float', possible loss of data
c:\users\erik\source\repos\sfmlmaze\sfmlmaze\main.cpp(137): warning C4244: 'initializing': conversion from 'unsigned __int64' to 'float', possible loss of data
c:\users\erik\source\repos\sfmlmaze\sfmlmaze\main.cpp(186): warning C4244: 'argument': conversion from 'time_t' to 'unsigned int', possible loss of data
c:\users\erik\source\repos\sfmlmaze\sfmlmaze\main.cpp(193): warning C4244: 'argument': conversion from 'time_t' to 'unsigned int', possible loss of data
c:\users\erik\source\repos\sfmlmaze\sfmlmaze\main.cpp(225): warning C4244: 'argument': conversion from 'time_t' to 'unsigned int', possible loss of data
c:\users\erik\source\repos\sfmlmaze\sfmlmaze\main.cpp(227): warning C4244: 'argument': conversion from 'time_t' to 'unsigned int', possible loss of data
c:\users\erik\source\repos\sfmlmaze\sfmlmaze\main.cpp(232): warning C4244: 'argument': conversion from 'time_t' to 'unsigned int', possible loss of data
c:\users\erik\source\repos\sfmlmaze\sfmlmaze\main.cpp(236): warning C4244: 'argument': conversion from 'time_t' to 'unsigned int', possible loss of data
c:\users\erik\source\repos\sfmlmaze\sfmlmaze\main.cpp(240): warning C4244: 'argument': conversion from 'time_t' to 'unsigned int', possible loss of data
c:\users\erik\source\repos\sfmlmaze\sfmlmaze\main.cpp(297): warning C4244: 'argument': conversion from 'float' to 'const unsigned __int64', possible loss of data
c:\users\erik\source\repos\sfmlmaze\sfmlmaze\main.cpp(304): warning C4244: 'argument': conversion from 'float' to 'const unsigned __int64', possible loss of data
c:\users\erik\source\repos\sfmlmaze\sfmlmaze\main.cpp(310): warning C4244: 'initializing': conversion from 'float' to 'int', possible loss of data
c:\users\erik\source\repos\sfmlmaze\sfmlmaze\main.cpp(310): warning C4244: 'initializing': conversion from 'float' to 'const int', possible loss of data
c:\users\erik\source\repos\sfmlmaze\sfmlmaze\main.cpp(313): warning C4244: 'argument': conversion from 'int' to 'float', possible loss of data
c:\users\erik\source\repos\sfmlmaze\sfmlmaze\main.cpp(318): warning C4244: 'argument': conversion from 'int' to 'float', possible loss of data
c:\users\erik\source\repos\sfmlmaze\sfmlmaze\main.cpp(323): warning C4244: 'argument': conversion from 'int' to 'float', possible loss of data
c:\users\erik\source\repos\sfmlmaze\sfmlmaze\main.cpp(328): warning C4244: 'argument': conversion from 'int' to 'float', possible loss of data
c:\users\erik\source\repos\sfmlmaze\sfmlmaze\main.cpp(334): warning C4244: 'return': conversion from 'int' to 'float', possible loss of data
c:\users\erik\source\repos\sfmlmaze\sfmlmaze\main.cpp(337): warning C4244: 'return': conversion from 'int' to 'float', possible loss of data
c:\users\erik\source\repos\sfmlmaze\sfmlmaze\main.cpp(364): warning C4267: 'argument': conversion from 'size_t' to 'int', possible loss of data
c:\users\erik\source\repos\sfmlmaze\sfmlmaze\main.cpp(402): warning C4244: '*=': conversion from 'float' to 'int', possible loss of data
c:\users\erik\source\repos\sfmlmaze\sfmlmaze\main.cpp(403): warning C4244: '*=': conversion from 'float' to 'int', possible loss of data
  Generating code
  All 1008 functions were compiled because no usable IPDB/IOBJ from previous compilation was found.
  Finished generating code
  SFMLMaze.vcxproj -> C:\Users\Erik\source\repos\SFMLMaze\x64\Release\SFMLMaze.exe
